=== CPL GENERATE ERROR ===
Error: Syntax error
Raw:
{
  "cpl": [
    "CPL 1: Menunjukkan sikap bertanggung jawab atas pekerjaan di bidang keahliannya secara mandiri.",
    "CPL 2: Mampu menerapkan pemikiran logis, kritis, sistematis, dan inovatif dalam konteks pengembangan atau implementasi ilmu pengetahuan dan teknologi yang memperhatikan dan menerapkan nilai humaniora yang sesuai dengan bidang keahliannya.",
    "CPL 3: Menguasai konsep teoretis sains rekayasa, prinsip-prinsip rekayasa, dan perancangan rekayasa yang diperlukan untuk analisis dan perancangan sistem terintegrasi.",
    "CPL 4: Mampu mendesain dan mengembangkan perangkat lunak menggunakan algoritma dan struktur data yang efisien serta metodologi pemrograman modern."
  ],
  "cpmk": [
    "CPMK 1: Mampu menjelaskan konsep dasar logika berpikir komputer, pseudocode, flowchart, dan struktur dasar algoritma.",
    "CPMK 2: Mampu menerapkan tipe data, variabel, operator, ekspresi, dan struktur kontrol percabangan serta perulangan dalam menyelesaikan masalah pemrograman terstruktur.",
    "CPMK 3: Mampu mengimplementasikan struktur data modular berupa array (satu dan multi-dimensi), fungsi (prosedur dan parameter passing), serta manipulasi string.",
    "CPMK 4: Mampu merancang, menganalisis, dan memecahkan masalah komputasional melalui pembuatan program komputer terstruktur yang efisien secara mandiri dan bertanggung jawab."
  ],
  "sub_cpmk": [
    "Sub-CPMK 1.1: Mampu menjelaskan definisi algoritma, representasi flowchart, dan pseudocode untuk memecahkan masalah logika sederhana.",
    "Sub-CPMK 1.2: Mampu menyusun algoritma runtunan (sequence) dengan menggunakan tipe data, variabel, konstanta, dan ekspresi matematika secara tepat.",
    "Sub-CPMK 2.1: Mampu mengimplementasikan struktur pemilihan/kondisional (if-else, switch-case) dalam penulisan kode program.",
    "Sub-CPMK 2.2: Mampu menerapkan konsep perulangan (looping menggunakan for, while, do-while) untuk menyelesaikan kasus iterasi.",
    "Sub-CPMK 3.1: Mampu mendesain program terstruktur menggunakan modularitas fungsi dan prosedur baik secara nilai (by value) maupun referensi (by reference).",
    "Sub-CPMK 3.2: Mampu mengorganisasikan data homogen menggunakan struktur data larik (array) satu dimensi dan multi-dimensi serta manipulasi string.",
    "Sub-CPMK 4.1: Mampu menerapkan algoritma pencarian (searching: linear, binary) dan pengurutan (sorting: bubble, selection) sederhana.",
    "Sub-CPMK 4.2: Mampu membangun aplikasi mini terstruktur secara mandiri sebagai proyek akhir pemecahan masalah nyata."
  ],
  "bahan_kajian": [
    "BK1 Pengantar Logika dan Desain Algoritma (Flowchart & Pseudocode)",
    "BK2 Dasar Pemrograman: Variabel, Konstanta, Tipe Data, dan Operator",
    "BK3 Struktur Kontrol Kondisional / Percabangan",
    "BK4 Struktur Kontrol Iterasi / Perulangan",
    "BK5 Pemrograman Modular: Fungsi, Prosedur, dan Parameter Passing",
    "BK6 Struktur Data Homogen: Array Dimensi Banyak dan String",
    "BK7 Operasi Dasar Array: Searching dan Sorting",
    "BK8 Pengenalan Operasi File Input/Output (I/O) Sederhana"
  ],
  "referensi_utama": [
    "[1]. Gaddis, T. (2019). Starting Out with C++ from Control Structures to Objects (9th Edition). Pearson.",
    "[2]. Munir, R. (2016). Algoritma dan Pemrograman dalam Bahasa Pascal, C, dan C++. Informatika Bandung."
  ],
  "referensi_pendukung": [
    "[1]. Cormen, T. H., Leiserson, C. E., Rivest, R. L., & Stein, C. (2009). Introduction to Algorithms (3rd Edition). MIT Press.",
    "[2]. Downey, A. B. (2015). Think Python: How to Think Like a Computer Scientist (2nd Edition). O'Reilly Media."
  ],
  "sarana_umum": [
    "Ruang Kelas Teori dengan Pendingin Ruangan (AC)",
    "Papan Tulis / Whiteboard dan Spidol",
    "Proyektor LCD dan Layar Presentasi",
    "Learning Management System (LMS) Kampus"
  ],
  "sarana_khusus": [
    "Laboratorium Komputer / PC Client spesifikasi standar pemrograman",
    "Software IDE (Integrated Development Environment) seperti VS Code, Code::Blocks, atau PyCharm",
    "Koneksi Internet stabil untuk akses Online Compiler (Replit / GDB Compiler)",
    "Repository Code Management (GitHub / GitLab)"
  ]
========================
=== MEETINGS GENERATE ERROR ===
Error: Control character error, possibly incorrectly encoded
Raw:
[
  {
    "pertemuan_ke": 1,
    "sub_cpmk": "Sub-CPMK 1.1: Mampu menjelaskan konsep dasar algoritma, pemrograman terstruktur, dan cara merepresentasikannya menggunakan flowchart dan pseudocode.",
    "bahan_kajian": "Kontrak Perkuliahan, Konsep Dasar Algoritma, Berpikir Komputasional (Computational Thinking), Konsep Pemrograman Terstruktur, serta Pengantar Flowchart dan Pseudocode.",
    "metode_luring": "Discovery Learning dan Kuliah Interaktif (PB: 4 x 50 menit)",
    "metode_daring": "Membaca modul materi pengantar dan aktif dalam forum diskusi mandiri di LMS (PT: 4 x 60 menit + KM: 4 x 60 menit)",
    "estimasi_waktu": "4 x 50 Menit",
    "indikator_penilaian": "Ketepatan mahasiswa dalam menjelaskan konsep dasar algoritma, esensi berpikir komputasional, serta perbedaan representasi algoritma menggunakan flowchart dan pseudocode.",
    "bentuk_penilaian": "Kriteria: Keaktifan dan Partisipasi\nTeknik: Non-tes (Tanya Jawab Lisan)",
    "bobot_penilaian": 0.0
  },
  {
    "pertemuan_ke": 2,
    "sub_cpmk": "Sub-CPMK 1.1: Mampu menjelaskan konsep dasar algoritma, pemrograman terstruktur, dan cara merepresentasikannya menggunakan flowchart dan pseudocode.",
    "bahan_kajian": "Perancangan Solusi Masalah Sederhana: Penyusunan Flowchart standar ISO dan Notasi Pseudocode berbasis struktur runtunan (sequence).",
    "metode_luring": "Diskusi Kelompok Terbimbing dan Praktik Mendesain Flowchart (PB: 4 x 50 menit)",
    "metode_daring": "Latihan mandiri merancang diagram alir menggunakan platform online seperti draw.io (PT: 4 x 60 menit + KM: 4 x 60 menit)",
    "estimasi_waktu": "4 x 50 Menit",
    "indikator_penilaian": "Ketepatan pemilihan simbol flowchart, kejelasan alur logika, dan kesesuaian pseudocode dengan masalah yang diberikan.",
    "bentuk_penilaian": "Kriteria: Rubrik Deskriptif Kesesuaian Desain\nTeknik: Portofolio Tugas Desain",
    "bobot_penilaian": 0.0
  },
  {
    "pertemuan_ke": 3,
    "sub_cpmk": "Sub-CPMK 1.2: Mampu menyusun algoritma runtunan (sequence) menggunakan tipe data, variabel, operator, dan ekspresi matematika/logika.",
    "bahan_kajian": "Konsep Tipe Data Dasar (Primitive), Aturan Penamaan Variabel (Identifier), Konstanta, Operator Aritmatika, Relasional, Logika, dan Evaluasi Ekspresi.",
    "metode_luring": "Discovery Learning dan Praktikum Terbimbing instalasi lingkungan IDE bahasa pemrograman (PB: 4 x 50 menit)",
    "metode_daring": "Menyelesaikan penugasan pemrograman berbasis runtunan dan mengunggahnya ke LMS (PT: 4 x 60 menit + KM: 4 x 60 menit)",
    "estimasi_waktu": "4 x 50 Menit",
    "indikator_penilaian": "Ketepatan pemilihan tipe data, kebenaran penggunaan operator, dan ketepatan sintaks program runtunan sederhana.",
    "shapes_represent": "TUGAS: Rubrik Penilaian Kode Program\nTeknik: Tes Praktik Pemrograman 1",
    "bentuk_penilaian": "TUGAS: Rubrik Penilaian Kode Program\nTeknik: Tes Praktik Pemrograman 1",
    "bobot_penilaian": 5.0
  },
  {
    "pertemuan_ke": 4,
    "sub_cpmk": "Sub-CPMK 2.1: Mampu mengimplementasikan struktur kontrol keputusan/percabangan (kondisional) untuk menyelesaikan masalah dengan percabangan tunggal, ganda, maupun bersarang.",
    "bahan_kajian": "Struktur Kontrol Percabangan Satu Kondisi (If-Then), Dua Kondisi (If-Then-Else), dan Banyak Kondisi (Switch-Case).",
    "metode_luring": "Kuliah Interaktif, Diskusi Kelompok, dan Praktikum Pemecahan Kasus Logika Kondisi (PB: 4 x 50 menit)",
    "metode_daring": "Mempelajari video penjelasan variasi sintaks percabangan dan mencoba latihan mandiri di LMS (PT: 4 x 60 menit + KM: 4 x 60 menit)",
    "estimasi_waktu": "4 x 50 Menit",
    "indikator_penilaian": "Kesesuaian logika percabangan yang disusun untuk menangani berbagai alternatif kondisi data masukan.",
    "bentuk_penilaian": "Kriteria: Rubrik Penilaian Praktikum\nTeknik: Latihan Praktikum Terbimbing",
    "bobot_penilaian": 0.0
  },
  {
    "pertemuan_ke": 5,
    "sub_cpmk": "Sub-CPMK 2.1: Mampu mengimplementasikan struktur kontrol keputusan/percabangan (kondisional) untuk menyelesaikan masalah dengan percabangan tunggal, ganda, maupun bersarang.",
    "bahan_kajian": "Penerapan Percabangan Bersarang (Nested If) pada studi kasus kompleks seperti klasifikasi tarif, diskon, atau sistem pendukung keputusan sederhana.",
    "metode_luring": "Case Method, Diskusi Kelompok, dan Praktikum Mandiri (PB: 4 x 50 menit)",
    "metode_daring": "Mengunggah file laporan pemecahan studi kasus percabangan bersarang ke sistem e-learning (PT: 4 x 60 menit + KM: 4 x 60 menit)",
    "estimasi_waktu": "4 x 50 Menit",
    "indikator_penilaian": "Ketepatan menyusun struktur logika nested-if dan efisiensi penulisan kode dalam menyelesaikan kasus kompleks.",
    "bentuk_penilaian": "TUGAS: Rubrik Evaluasi Kasus Kompleks\nTeknik: Penugasan Studi Kasus Pemrograman",
    "bobot_penilaian": 5.0
  },
  {
    "pertemuan_ke": 6,
    "sub_cpmk": "Sub-CPMK 2.2: Mampu mengimplementasikan struktur kontrol pengulangan (looping) untuk menyelesaikan masalah iteratif.",
    "bahan_kajian": "Struktur Pengulangan Iteratif dengan Nilai Batas Pasti (For Loop) dan Nilai Batas Kondisional (While Loop dan Do-While Loop).",
    "metode_luring": "Discovery Learning, Kuliah Interaktif, dan Praktikum Terbimbing Penggunaan Counter dan Accumulator (PB: 4 x 50 menit)",
    "metode_daring": "Menonton video tutorial perbandingan penggunaan For vs While dan mengerjakan kuis pilihan ganda di LMS (PT: 4 x 60 menit + KM: 4 x 60 menit)",
    "estimasi_waktu": "4 x 50 Menit",
    "indikator_penilaian": "Ketepatan menentukan jenis struktur pengulangan yang efisien dan menghindari terjadinya infinite loop.",
    "bentuk_penilaian": "Kriteria: Ketepatan Jawaban Kuis\nTeknik: Kuis Online Objektif",
    "bobot_penilaian": 0.0
  },
  {
    "pertemuan_ke": 7,
    "sub_cpmk": "Sub-CPMK 2.2: Mampu mengimplementasikan struktur kontrol pengulangan (looping) untuk menyelesaikan masalah iteratif.",
    "bahan_kajian": "Struktur Pengulangan Bersarang (Nested Loop) dan statement pengontrol aliran pengulangan (Break dan Continue).",
    "metode_luring": "Case Method, Praktik Pemrograman Pola Visual dan Pengolahan Data Iteratif (PB: 4 x 50 menit)",
    "metode_daring": "Penyelesaian Tugas Pemrograman Terstruktur sebelum pelaksanaan UTS (PT: 4 x 60 menit + KM: 4 x 60 menit)",
    "estimasi_waktu": "4 x 50 Menit",
    "indikator_penilaian": "Kemampuan dalam mengombinasikan struktur pengulangan bersarang untuk menghasilkan pola keluaran data yang benar.",
    "bentuk_penilaian": "TUGAS: Rubrik Penilaian Proyek Mini Percabangan & Pengulangan\nTeknik: Tugas Pemrograman Mandiri Kumulatif",
    "bobot_penilaian": 15.0
  },
  {
    "pertemuan_ke": 8,
    "sub_cpmk": "UJIAN TENGAH SEMESTER",
    "bahan_kajian": "Materi pertemuan 1 s.d. 7 (Algoritma dasar, Representasi Flowchart, Tipe Data, Variabel, Percabangan tunggal/bersarang
========================
=== MEETINGS GENERATE ERROR ===
Error: Control character error, possibly incorrectly encoded
Raw:
[
  {
    "pertemuan_ke": 1,
    "sub_cpmk": "Mampu menjelaskan konsep algoritma, pemrograman terstruktur, flowchart, dan pseudocode.",
    "bahan_kajian": "Konsep algoritma, pemrograman terstruktur, simbol flowchart, dan struktur pseudocode.",
    "metode_luring": "Kuliah interaktif dan diskusi kelompok (PB: 4 x 50 menit).",
    "metode_daring": "Membaca modul dan forum diskusi di LMS (PT: 4x60, KM: 4x60).",
    "estimasi_waktu": "4 x 50 Menit",
    "indikator_penilaian": "Ketepatan menjelaskan definisi algoritma dan menerjemahkan ke flowchart.",
    "bentuk_penilaian": "TUGAS: Rubrik partisipasi kelas dan pemahaman konsep dasar.",
    "bobot_penilaian": 0.0
  },
  {
    "pertemuan_ke": 2,
    "sub_cpmk": "Mampu menyusun algoritma runtunan menggunakan tipe data, variabel, dan operator.",
    "bahan_kajian": "Tipe data dasar, deklarasi variabel, operator aritmatika, dan ekspresi.",
    "metode_luring": "Discovery Learning dan latihan menulis kode program (PB: 4 x 50 menit).",
    "metode_daring
========================
=== MEETINGS GENERATE ERROR ===
Error: Syntax error
Raw:
[
  {
    "pertemuan_ke": 1,
    "sub_cpmk": "Memahami konsep algoritma dan pemrograman terstruktur",
    "bahan_kajian": "Pengantar algoritma, flowchart, dan pseudocode",
    "metode_luring": "Kuliah interaktif (PB: 4 x 50 menit)",
    "metode_daring": "Materi di LMS (PT: 4 x 60 menit + KM: 4 x 60 menit)",
    "estimasi_waktu": "4 x 50 Menit",
    "indikator_penilaian": "Ketepatan menyusun flowchart dasar",
    "bentuk_penilaian": "TUGAS: Analisis flowchart kasus sederhana (2%)",
    "bobot_penilaian": 2.0
  },
  {
    "pertemuan_ke": 2,
    "sub_cpmk": "Mampu menyusun algoritma runtunan",
    "bahan_kajian": "Tipe data, variabel, operator, dan ekspresi matematika",
    "metode_luring": "Discovery learning dan diskusi (PB: 4 x 50 menit)",
    "metode_daring": "Latihan mandiri di LMS (PT: 4 x 60 menit + KM: 4 x 60 menit)",
    "estimasi_waktu": "4 x 50 Menit",
    "indikator_penilaian": "Kemampuan mengolah input menjadi output",
    "bentuk_penilaian": "T1: Kuis konsep dasar pemrograman (5%)",
    "bobot_penilaian": 5.0
  },
  {
    "pertemuan_ke": 3,
    "sub_cpmk": "Mengimplementasikan struktur percabangan (kondisional)",
    "bahan_kajian": "Percabangan tunggal, ganda, dan bersarang",
    "metode_luring": "Problem-based learning (PB: 4 x 50 menit)",
    "metode_daring": "Studi kasus daring (PT: 4 x 60 menit + KM: 4 x 60 menit)",
    "estimasi_waktu": "4 x 50 Menit",
    "indikator_penilaian": "Ketepatan logika percabangan",
    "bentuk_penilaian": "TUGAS: Implementasi percabangan (3%)",
    "bobot_penilaian": 3.0
  },
  {
    "pertemuan_ke": 4,
    "sub_cpmk": "Mengimplementasikan struktur perulangan (looping)",
    "bahan_kajian": "Perulangan for, while, dan do-while",
    "metode_luring": "Diskusi kelompok (PB: 4 x 50 menit)",
    "metode_daring": "Penugasan praktikum (PT: 4 x 60 menit + KM: 4 x 60 menit)",
    "estimasi_waktu": "4 x 50 Menit",
    "indikator_penilaian": "Efisiensi logika perulangan",
    "bentuk_penilaian": "T2: Praktikum mandiri perulangan (7%)",
    "bobot_penilaian": 7.0
  },
  {
    "pertemuan_ke": 5,
    "sub_cpmk": "Mendesain program modular (fungsi & prosedur)",
    "bahan_kajian": "Konsep fungsi, prosedur, dan passing parameter",
    "metode_luring": "Demonstrasi coding (PB: 4 x 50 menit)",
    "metode_daring": "Latihan koding di platform (PT: 4 x 60 menit + KM: 4 x 60 menit)",
    "estimasi_waktu": "4 x 50 Menit",
    "indikator_penilaian": "Struktur modular program yang rapi",
    "bentuk_penilaian": "TUGAS: Pembuatan fungsi matematika (3%)",
    "bobot_penilaian": 3.0
  },
  {
    "pertemuan_ke": 6,
    "sub_cpmk": "Memanipulasi struktur data larik (array)",
    "bahan_kajian": "Array satu dimensi dan multi-dimensi",
    "metode_luring": "Project-based learning (PB: 4 x 50 menit)",
    "metode_daring": "Studi mandiri modul (PT: 4 x 60 menit + KM: 4 x 60 menit)",
    "estimasi_waktu": "4 x 50 Menit",
    "indikator_penilaian": "Akurasi manipulasi elemen array",
    "bentuk_penilaian": "T3: Tugas mandiri array (5%)",
    "bobot_penilaian": 5.0
  },
  {
    "pertemuan_ke": 7,
    "sub_cpmk": "Review materi sebelum UTS",
    "bahan_kajian": "Review seluruh materi pertemuan 1-6",
    "metode_luring": "Diskusi interaktif (PB: 4 x 50 menit)",
    "metode_daring": "Latihan soal (PT: 4 x 60 menit + KM: 4 x 60 menit)",
    "estimasi_waktu": "4 x 50 Menit",
    "indikator_penilaian": "Penguasaan konsep secara menyeluruh",
    "bentuk_penilaian": "TUGAS: Latihan soal komprehensif (0%)",
    "bobot_penilaian": 0.0
  },
  {
    "pertemuan_ke": 8,
    "sub_cpmk": "UJIAN TENGAH SEMESTER",
    "bahan_kajian": "Materi pertemuan 1 s.d 7",
    "metode_luring": "Ujian Tertulis",
    "metode_daring": "-",
    "estimasi_waktu": "4 x 50 Menit",
    "indikator_penilaian": "Ketepatan menjawab soal algoritma",
    "bentuk_penilaian": "UTS: Ujian Tengah Semester (20%)",
    "bobot_penilaian": 20.0
  },
  {
    "pertemuan_ke": 9,
    "sub_cpmk": "Menguasai metode pencarian (searching)",
    "bahan_kajian": "Linear search dan binary search",
    "metode_luring": "Kuliah dan praktek (PB: 4 x 50 menit)",
    "metode_daring": "Video pembelajaran (PT: 4 x 60 menit + KM: 4 x 60 menit)",
    "estimasi_waktu": "4 x 50 Menit",
    "indikator_penilaian": "Kecepatan algoritma pencarian",
    "bentuk_penilaian": "T1: Kuis searching (5%)",
    "bobot_penilaian": 5.0
  },
  {
    "pertemuan_ke": 10,
    "sub_cpmk": "Menguasai metode pengurutan (sorting) dasar",
    "bahan_kajian": "Bubble sort, selection sort, dan insertion sort",
    "metode_luring": "Diskusi kelompok (PB: 4 x 50 menit)",
    "metode_daring": "Tugas implementasi algoritma (PT: 4 x 60 menit + KM: 4 x 60 menit)",
    "estimasi_waktu": "4 x 50 Menit",
    "indikator_penilaian": "Akurasi hasil urutan data",
    "bentuk_penilaian": "T2: Tugas sorting (8%)",
    "bobot_penilaian": 8.0
  },
  {
    "pertemuan_ke": 11,
    "sub_cpmk": "Mampu melakukan debugging program",
    "bahan_kajian": "Teknik pelacakan kesalahan program",
    "metode_luring": "Praktek langsung di lab (PB: 4 x 50 menit)",
    "metode_daring": "Review kode error (PT: 4 x 60 menit + KM: 4 x 60 menit)",
    "estimasi_waktu": "4 x 50 Menit",
    "indikator_penilaian": "Keberhasilan menemukan dan memperbaiki error",
    "bentuk_penilaian": "TUGAS: Debugging kode (4%)",
    "bobot_penilaian": 4.0
  },
  {
    "pertemuan_ke": 12,
    "sub_cpmk": "Pengembangan program terpadu",
    "bahan_kajian": "Integrasi array, fungsi, dan searching/sorting",
    "metode_luring": "Case method (PB: 4 x 50 menit)",
    "metode_daring": "Diskusi forum daring (PT: 4 x 60 menit + KM: 4 x 60 menit)",
    "estimasi_waktu": "4 x 50 Menit",
    "indikator_penilaian": "Kesesuaian logika integrasi program",
    "bentuk_penilaian": "TUGAS: Proyek mini (5%)",
    "bobot_penilaian": 5.0
  },
  {
    "pertemuan_ke": 13,
    "sub_cpmk": "Optimalisasi kinerja algoritma",
    "bahan_kajian": "Analisis efisiensi algoritma sederhana",
    "metode_luring": "Kuliah (PB: 4 x 50 menit)",
    "metode_daring": "Analisis artikel (PT: 4 x 60 menit + KM: 4 x 60 menit)",
    "estimasi_waktu": "4 x 50 Menit",
    "indikator_penilaian": "Pemahaman konsep efisiensi algoritma",
    "bentuk_penilaian": "TUGAS: Makalah algoritma (5%)",
    "bobot_penilaian": 5.0
  },
  {
    "pertemuan_ke": 14,
    "sub_cpmk": "Penyelesaian kasus kompleks",
    "bahan_kajian": "Studi kasus komputasi real-world",
    "metode_luring": "Diskusi proyek kelompok (PB: 4 x 50 menit)",
    "metode_daring": "Penyusunan laporan proyek (PT: 4 x 60 menit + KM: 4 x 60 menit)",
    "estimasi_waktu": "4 x 50 Menit",
    "indikator_penilaian": "Kerja sama dan kualitas solusi",
    "bentuk_penilaian": "TUGAS: Presentasi proyek (8%)",
    "bobot_penilaian": 8.0
  },
  {
    "pertemuan_ke": 15,
    "sub_cpmk": "Review akhir dan kesiapan UAS",
    "bahan_kajian": "Review materi 9-14",
    "metode_luring": "Diskusi interaktif (PB: 4 x 50 menit)",
    "metode_daring": "Latihan soal UAS (PT: 4 x 60 menit + KM: 4 x 60 menit)",
    "estimasi_waktu": "4 x 50 Menit",
    "indikator_penilaian": "Penguasaan konsep secara menyeluruh",
    "bentuk_penilaian": "TUGAS: Evaluasi mandiri (5%)",
    "bobot_penilaian": 5.0
  },
  {
    "pertemuan_ke": 16,
    "sub_cpmk": "UJIAN AKHIR SEMESTER",
    "bahan_kajian": "Materi seluruh pertemuan",
    "metode_luring": "Ujian Akhir Proyek/Tulis",
    "metode_daring": "-",
    "estimasi_waktu": "4 x 50 Menit",
    "indikator_penilaian": "Kualitas final dan keandalan sistem",
    "bentuk_penilaian": "UAS: Ujian Akhir Semester (15%)",
    "bobot_penilaian": 15.0
  }
]
]
  
  }
]
========================
=== MEETINGS GENERATE ERROR ===
Error: Control character error, possibly incorrectly encoded
Raw:
[
  {
    "pertemuan_ke": 1,
    "sub_cpmk": "Mahasiswa mampu menjelaskan prinsip dasar teknologi informasi dan literasi digital.",
    "bahan_kajian": "Kontrak kuliah, definisi literasi teknologi, dan peran IT di masyarakat.",
    "metode_luring": "Kuliah interaktif dan diskusi kelompok (PB: 2 x 50 menit).",
    "metode_daring": "Akses materi pendukung dan forum diskusi di LMS (PT+KM: 2x60 menit).",
    "estimasi_waktu": "2 x 50 Menit",
    "indikator_penilaian": "Keaktifan berdiskusi dan pemahaman awal konsep literasi teknologi digital.",
    "bentuk_penilaian": "TUGAS: Partisipasi kelas melalui penilaian keaktifan diskusi mandiri.",
    "bobot_penilaian": 0.0
  },
  {
    "pertemuan_ke": 2,
    "sub_cpmk": "Mahasiswa mampu mengidentifikasi perkembangan teknologi informasi dan sejarah AI.",
    "bahan_kajian": "Sejarah komputer, internet, revolusi industri, dan pengenalan kecerdasan buatan.",
    "metode_luring": "Discovery learning dan presentasi kelompok (PB: 2 x 50 menit).",
    "metode_daring": "Membaca artikel sejarah AI di LMS (PT+KM: 2x60 menit).",
    "estimasi_waktu": "2 x 50 Menit",
    "indikator_penilaian": "Ketepatan menjelaskan milestone perkembangan teknologi informasi dan evolusi AI.",
    "bentuk_penilaian": "TUGAS: Kuis objektif pilihan ganda tentang sejarah teknologi informasi.",
    "bobot_penilaian": 5.0
  },
  {
    "pertemuan_ke": 3,
    "sub_cpmk": "Mahasiswa mampu menjelaskan tipe-tipe AI dan aplikasinya di berbagai bidang.",
    "bahan_kajian": "Klasifikasi AI: Weak vs Strong AI, Machine Learning, Deep Learning.",
    "metode_luring": "Kuliah dan diskusi kasus penggunaan AI (PB: 2 x 50 menit).",
    "metode_daring": "Menonton video pembelajaran klasifikasi AI di LMS (PT+KM: 2x60 menit).",
    "estimasi_waktu": "2 x 50 Menit",
    "indikator_penilaian": "Ketepatan membedakan jenis-jenis AI dan memberikan contoh kasus nyata.",
    "bentuk_penilaian": "TUGAS: Laporan ringkas pemetaan aplikasi AI dalam kehidupan sehari-hari.",
    "bobot_penilaian": 5.0
  },
  {
    "pertemuan_ke": 4,
    "sub_cpmk": "Mahasiswa mampu menggunakan alat produktivitas berbasis teknologi secara etis.",
    "bahan_kajian": "Software produktivitas, manajemen referensi, cloud computing, pencarian informasi global.",
    "metode_luring": "Latihan terbimbing dan pemecahan masalah (PB: 2 x 50 menit).",
    "metode_daring": "Praktik mandiri menggunakan aplikasi produktivitas (PT+KM: 2x60 menit).",
    "estimasi_waktu": "2 x 50 Menit",
    "indikator_penilaian": "Keterampilan mengoperasikan cloud tools dan pencarian informasi ilmiah global.",
    "bentuk_penilaian": "TUGAS: Praktik penggunaan cloud tools dan pencarian literatur.",
    "bobot_penilaian": 5.0
  },
  {
    "pertemuan_ke": 5,
    "sub_cpmk": "Mahasiswa mampu menganalisis implikasi etis penggunaan AI dalam akademik.",
    "bahan_kajian": "Etika akademik, plagiarisme, hak cipta, dan pedoman pemanfaatan AI.",
    "metode_luring": "Case method diskusi kelompok tentang etika AI (PB: 2 x 50 menit).",
    "metode_daring": "Membaca jurnal etika akademik di LMS (PT+KM: 2x60 menit).",
    "estimasi_waktu": "2 x 50 Menit",
    "indikator_penilaian": "Kemampuan mendeteksi potensi bias, plagiarisme, dan pelanggaran etika AI.",
    "bentuk_penilaian": "TUGAS: Analisis studi kasus pelanggaran integritas akademik berbasis AI.",
    "bobot_penilaian": 5.0
  },
  {
    "pertemuan_ke": 6,
    "sub_cpmk": "Mahasiswa mampu menganalisis aspek keamanan data dalam penggunaan AI.",
    "bahan_kajian": "Keamanan data pribadi, privasi informasi, ancaman siber, regulasi perlindungan data.",
    "metode_luring": "Diskusi interaktif dan analisis risiko data (PB: 2 x 50 menit).",
    "metode_daring": "Mengerjakan tugas analisis risiko privasi data (PT+KM: 2x60 menit).",
    "estimasi_waktu": "2 x 50 Menit",
    "indikator_penilaian": "Ketajaman menganalisis risiko kebocoran data pada platform berbasis AI.",
    "bentuk_penilaian": "TUGAS: Portofolio evaluasi keamanan data pribadi pada aplikasi AI.",
    "bobot_penilaian": 5.0
  },
  {
    "pertemuan_ke": 7,
    "sub_cpmk": "Mahasiswa mampu menganalisis dampak sosial-budaya pemanfaatan kecerdasan buatan.",
    "bahan_kajian": "Dampak sosial AI, kesenjangan digital, bias budaya, dan masa depan kerja.",
    "metode_luring": "Diskusi panel dan refleksi kritis dampak AI (PB: 2 x 50 menit).",
    "metode_daring": "Review materi pertemuan 1-7 di forum LMS (PT+KM: 2x60 menit).",
    "estimasi_waktu": "2 x 50 Menit",
    "indikator_penilaian": "Kekritisan berpendapat mengenai dampak AI terhadap aspek sosial budaya.",
    "bentuk_penilaian": "TUGAS: Esai reflektif tentang dampak sosial-budaya AI di Indonesia.",
    "bobot_penilaian": 5.0
  },
  {
    "pertemuan_ke": 8,
    "sub_cpmk": "UJIAN TENGAH SEMESTER",
    "bahan_kajian": "Materi pertemuan 1 s.d 7",
    "metode_luring": "Ujian Tertulis / Esai",
    "metode_daring": "-",
    "estimasi_waktu": "2 x 50 Menit",
    "indikator_penilaian": "Kesesuaian jawaban dengan kunci jawaban",
    "bentuk_penilaian": "UTS: Ujian tertulis bentuk esai analisis kritis.",
    "bobot_penilaian": 25.0
  },
  {
    "pertemuan_ke": 9,
    "sub_cpmk": "Mahasiswa mampu mengoperasikan alat bantu AI generatif secara kolaboratif.",
    "bahan_kajian": "Pengenalan AI generatif text, image, dan pembuatan prompt efektif.",
    "metode_luring": "Praktik laboratorium dan simulasi prompt engineering (PB: 2 x 50 menit).",
    "metode_daring": "Eksperimen mandiri menggunakan platform AI generatif (PT+KM: 2x60 menit).",
    "estimasi_waktu": "2 x 50 Menit",
    "indikator_penilaian": "Keterampilan memformulasikan prompt untuk menghasilkan output AI yang relevan.",
    "bentuk_penilaian": "TUGAS: Praktik demonstrasi interaktif pembuatan prompt engineering yang optimal.",
    "bobot_penilaian": 0.0
  },
  {
    "pertemuan_ke": 10,
    "sub_cpmk": "Mahasiswa mampu menyelesaikan tugas berbasis proyek kolaboratif menggunakan AI.",
    "bahan_kajian": "Metodologi kerja kelompok digital, pembagian peran, koordinasi proyek terintegrasi.",
    "metode_luring": "Project-Based Learning: Inisiasi proyek kolaboratif tim (PB: 2 x 50 menit).",
    "metode_daring": "Koordinasi tim melalui platform kolaborasi digital (PT+KM: 2x60 menit).",
    "estimasi_waktu": "2 x 50 Menit",
    "indikator_penilaian": "Efektivitas kerja tim dan integrasi AI dalam pemecahan masalah.",
    "bentuk_penilaian": "TUGAS: Laporan awal rancangan proyek kolaboratif berbasis AI.",
    "bobot_penilaian": 5.0
  },
  {
    "pertemuan_ke": 11,
    "sub_cpmk": "Mahasiswa mampu mengevaluasi relevansi global dan lintas budaya solusi AI.",
    "bahan_kajian": "Analisis global, lokalisasi konten, sensitivitas lintas budaya solusi digital.",
    "metode_luring": "Diskusi kasus adaptasi solusi AI lintas negara (PB: 2 x 50 menit).",
    "metode_daring": "Analisis jurnal studi kasus global di LMS (PT+KM: 2x60 menit).",
    "estimasi_waktu": "2 x 50 Menit",
    "indikator_penilaian": "Ketepatan menyelaraskan solusi AI dengan sensitivitas budaya global.",
    "bentuk_penilaian": "TUGAS: Presentasi hasil analisis kelayakan lintas budaya proyek.",
    "bobot_penilaian": 5.0
  },
  {
    "pertemuan_ke": 12,
    "sub_cpmk": "Mahasiswa mampu mengidentifikasi masalah nyata bidang studi untuk solusi digital.",
    "bahan_kajian": "Identifikasi masalah bidang studi, analisis kebutuhan, rancangan solusi awal.",
    "metode_luring": "Brainstorming kelompok dan konsultasi rancangan solusi (PB: 2 x 50 menit).",
    "metode_daring": "Penyusunan kerangka solusi digital pada LMS (PT+KM: 2x60 menit).",
    "estimasi_waktu": "2 x 50 Menit",
    "indikator_penilaian": "Kesesuaian masalah yang diidentifikasi dengan potensi solusi berbasis AI.",
    "bentuk_penilaian": "TUGAS: Proposal konsep solusi digital bidang studi masing-masing.",
    "bobot_penilaian": 0.0
  },
  {
    "pertemuan_ke": 13,
    "sub_cpmk": "Mahasiswa mampu merancang prototipe solusi digital sederhana berbasis AI.",
    "bahan_kajian": "Desain interaksi, pembuatan prototipe sederhana, integrasi fitur AI.",
    "metode_luring": "Workshop pembuatan prototipe menggunakan no-code AI tools (PB: 2 x 50 menit).",
    "metode_daring": "Pengembangan prototipe mandiri secara online (PT+KM: 2x60 menit).",
    "estimasi_waktu": "2 x 50 Menit",
    "indikator_penilaian": "Kreativitas desain dan fungsionalitas dasar prototipe solusi AI.",
    "bentuk_penilaian": "TUGAS: Laporan kemajuan dan draf prototipe solusi AI.",
    "bobot_penilaian": 10.0
  },
  {
    "pertemuan_ke": 14,
    "sub_cpmk": "Mahasiswa mampu menguji dan menyempurnakan prototipe solusi digital.",
    "bahan_kajian": "Pengujian prototipe, pengumpulan umpan balik pengguna, perbaikan berkala.",
    "metode_luring": "Peer-review dan simulasi uji coba prototipe (PB: 2 x 50 menit).",
    "metode_daring": "Pengisian kuesioner umpan balik prototipe di LMS (PT
========================
=== MEETINGS GENERATE ERROR ===
Error: Control character error, possibly incorrectly encoded
Raw:
[
  {
    "pertemuan_ke": 1,
    "sub_cpmk": "Sub-CPMK 1.1: Menjelaskan konsep dasar OOP menggunakan animasi visual Alice.",
    "bahan_kajian": "Konsep kelas, objek, atribut, dan dasar visualisasi lingkungan Alice.",
    "metode_luring": "Kuliah interaktif dan latihan terbimbing membuat objek (PB: 4 x 50 menit).",
    "metode_daring": "Mempelajari modul mandiri dan diskusi forum di LMS (PT+KM).",
    "estimasi_waktu": "4 x 50 Menit",
    "indikator_penilaian": "Ketepatan mendefinisikan objek dan properti visual di Alice.",
    "bentuk_penilaian": "TUGAS: Eksperimen pembuatan objek animasi di Alice.",
    "bobot_penilaian": 0.0
  },
  {
    "pertemuan_ke": 2,
    "sub_cpmk": "Sub-CPMK 1.1: Mengatur alur logika program visual di Alice.",
    "bahan_kajian": "Logika sekuensial, parameter, dan kontrol alur visual Alice.",
    "metode_luring": "Discovery learning dan praktik logika alur (PB: 4 x 50 menit).",
    "metode_d
========================
